<?xml version="1.0" encoding="UTF-8"?>
<!-- Generated by org.testng.reporters.JUnitReportReporter -->
<testsuite hostname="APL-5CD0535CH6" failures="0" tests="1" name="GoogleTest2" time="8.833" errors="0" timestamp="2022-07-13T10:41:42 IST" skipped="0">
  <testcase classname="GoogleTest2" name="HomePageCheck" time="8.833"/>
  <system-out/>
</testsuite> <!-- GoogleTest2 -->
